# JRE version: OpenJDK Runtime Environment Corretto-17.0.12.7.1 (17.0.12+7) (build 17.0.12+7-LTS)
# Java VM: OpenJDK 64-Bit Server VM Corretto-17.0.12.7.1 (17.0.12+7-LTS, mixed mode, sharing, tiered, compressed oops, compressed class ptrs, g1 gc, windows-amd64)
GC Precious Log:
 CPUs: 6 total, 6 available
 Memory: 16333M
 Large Page Support: Disabled
 NUMA Support: Disabled
 Compressed Oops: Enabled (Zero based)
 Heap Region Size: 2M
 Heap Min Capacity: 8M
 Heap Initial Capacity: 256M
 Heap Max Capacity: 3G
 Pre-touch: Disabled
 Parallel Workers: 6
 Concurrent Workers: 2
 Concurrent Refinement Workers: 6
 Periodic GC: Disabled
Heap:
 garbage-first heap   total 325632K, used 202752K [0x0000000740000000, 0x0000000800000000)
  region size 2048K, 4 young (8192K), 4 survivors (8192K)
 Metaspace       used 71219K, committed 72000K, reserved 1114112K
  class space    used 9846K, committed 10176K, reserved 1048576K
GC Heap History (20 events):
Event: 13.999 GC heap after
{Heap after GC invocations=37 (full 0):
 garbage-first heap   total 172032K, used 67974K [0x0000000740000000, 0x0000000800000000)
  region size 2048K, 2 young (4096K), 2 survivors (4096K)
 Metaspace       used 66796K, committed 67584K, reserved 1114112K
  class space    used 9370K, committed 9728K, reserved 1048576K
}
Event: 14.014 GC heap before
{Heap before GC invocations=37 (full 0):
 garbage-first heap   total 172032K, used 78214K [0x0000000740000000, 0x0000000800000000)
  region size 2048K, 3 young (6144K), 2 survivors (4096K)
 Metaspace       used 66796K, committed 67584K, reserved 1114112K
  class space    used 9370K, committed 9728K, reserved 1048576K
}
Event: 14.016 GC heap after
{Heap after GC invocations=38 (full 0):
 garbage-first heap   total 172032K, used 67816K [0x0000000740000000, 0x0000000800000000)
  region size 2048K, 2 young (4096K), 2 survivors (4096K)
 Metaspace       used 66796K, committed 67584K, reserved 1114112K
  class space    used 9370K, committed 9728K, reserved 1048576K
}
Event: 14.101 GC heap before
{Heap before GC invocations=38 (full 0):
 garbage-first heap   total 172032K, used 78056K [0x0000000740000000, 0x0000000800000000)
  region size 2048K, 4 young (8192K), 2 survivors (4096K)
 Metaspace       used 66807K, committed 67584K, reserved 1114112K
  class space    used 9371K, committed 9728K, reserved 1048576K
}
Event: 14.102 GC heap after
{Heap after GC invocations=39 (full 0):
 garbage-first heap   total 172032K, used 67665K [0x0000000740000000, 0x0000000800000000)
  region size 2048K, 2 young (4096K), 2 survivors (4096K)
 Metaspace       used 66807K, committed 67584K, reserved 1114112K
  class space    used 9371K, committed 9728K, reserved 1048576K
}
Event: 14.162 GC heap before
{Heap before GC invocations=39 (full 0):
 garbage-first heap   total 172032K, used 77905K [0x0000000740000000, 0x0000000800000000)
  region size 2048K, 3 young (6144K), 2 survivors (4096K)
 Metaspace       used 66868K, committed 67648K, reserved 1114112K
  class space    used 9371K, committed 9728K, reserved 1048576K
}
Event: 14.164 GC heap after
{Heap after GC invocations=40 (full 0):
 garbage-first heap   total 172032K, used 67709K [0x0000000740000000, 0x0000000800000000)
  region size 2048K, 2 young (4096K), 2 survivors (4096K)
 Metaspace       used 66868K, committed 67648K, reserved 1114112K
  class space    used 9371K, committed 9728K, reserved 1048576K
}
Event: 14.220 GC heap before
{Heap before GC invocations=40 (full 0):
 garbage-first heap   total 172032K, used 82045K [0x0000000740000000, 0x0000000800000000)
  region size 2048K, 4 young (8192K), 2 survivors (4096K)
 Metaspace       used 66981K, committed 67776K, reserved 1114112K
  class space    used 9371K, committed 9728K, reserved 1048576K
}
Event: 14.227 GC heap after
{Heap after GC invocations=41 (full 0):
 garbage-first heap   total 270336K, used 67832K [0x0000000740000000, 0x0000000800000000)
  region size 2048K, 2 young (4096K), 2 survivors (4096K)
 Metaspace       used 66981K, committed 67776K, reserved 1114112K
  class space    used 9371K, committed 9728K, reserved 1048576K
}
Event: 16.376 GC heap before
{Heap before GC invocations=41 (full 0):
 garbage-first heap   total 270336K, used 205048K [0x0000000740000000, 0x0000000800000000)
  region size 2048K, 46 young (94208K), 2 survivors (4096K)
 Metaspace       used 67475K, committed 68160K, reserved 1114112K
  class space    used 9407K, committed 9728K, reserved 1048576K
}
Event: 16.383 GC heap after
{Heap after GC invocations=42 (full 0):
 garbage-first heap   total 270336K, used 72214K [0x0000000740000000, 0x0000000800000000)
  region size 2048K, 4 young (8192K), 4 survivors (8192K)
 Metaspace       used 67475K, committed 68160K, reserved 1114112K
  class space    used 9407K, committed 9728K, reserved 1048576K
}
Event: 60.481 GC heap before
{Heap before GC invocations=42 (full 0):
 garbage-first heap   total 270336K, used 182806K [0x0000000740000000, 0x0000000800000000)
  region size 2048K, 39 young (79872K), 4 survivors (8192K)
 Metaspace       used 69061K, committed 69824K, reserved 1114112K
  class space    used 9574K, committed 9920K, reserved 1048576K
}
Event: 60.488 GC heap after
{Heap after GC invocations=43 (full 0):
 garbage-first heap   total 270336K, used 76657K [0x0000000740000000, 0x0000000800000000)
  region size 2048K, 6 young (12288K), 6 survivors (12288K)
 Metaspace       used 69061K, committed 69824K, reserved 1114112K
  class space    used 9574K, committed 9920K, reserved 1048576K
}
Event: 60.876 GC heap before
{Heap before GC invocations=43 (full 0):
 garbage-first heap   total 270336K, used 152433K [0x0000000740000000, 0x0000000800000000)
  region size 2048K, 17 young (34816K), 6 survivors (12288K)
 Metaspace       used 69841K, committed 70656K, reserved 1114112K
  class space    used 9683K, committed 10048K, reserved 1048576K
}
Event: 60.884 GC heap after
{Heap after GC invocations=44 (full 0):
 garbage-first heap   total 270336K, used 78786K [0x0000000740000000, 0x0000000800000000)
  region size 2048K, 6 young (12288K), 6 survivors (12288K)
 Metaspace       used 69841K, committed 70656K, reserved 1114112K
  class space    used 9683K, committed 10048K, reserved 1048576K
}
Event: 61.750 GC heap before
{Heap before GC invocations=44 (full 0):
 garbage-first heap   total 270336K, used 244674K [0x0000000740000000, 0x0000000800000000)
  region size 2048K, 72 young (147456K), 6 survivors (12288K)
 Metaspace       used 71020K, committed 71808K, reserved 1114112K
  class space    used 9825K, committed 10176K, reserved 1048576K
}
Event: 61.796 GC heap after
{Heap after GC invocations=45 (full 0):
 garbage-first heap   total 325632K, used 142740K [0x0000000740000000, 0x0000000800000000)
  region size 2048K, 10 young (20480K), 10 survivors (20480K)
 Metaspace       used 71020K, committed 71808K, reserved 1114112K
  class space    used 9825K, committed 10176K, reserved 1048576K
}
Event: 61.929 GC heap before
{Heap before GC invocations=45 (full 0):
 garbage-first heap   total 325632K, used 226708K [0x0000000740000000, 0x0000000800000000)
  region size 2048K, 51 young (104448K), 10 survivors (20480K)
 Metaspace       used 71137K, committed 71936K, reserved 1114112K
  class space    used 9838K, committed 10176K, reserved 1048576K
}
Event: 61.967 GC heap after
{Heap after GC invocations=46 (full 0):
 garbage-first heap   total 325632K, used 183296K [0x0000000740000000, 0x0000000800000000)
  region size 2048K, 7 young (14336K), 7 survivors (14336K)
 Metaspace       used 71137K, committed 71936K, reserved 1114112K
  class space    used 9838K, committed 10176K, reserved 1048576K
}
Event: 62.145 GC heap before
{Heap before GC invocations=46 (full 0):
 garbage-first heap   total 325632K, used 234496K [0x0000000740000000, 0x0000000800000000)
  region size 2048K, 32 young (65536K), 7 survivors (14336K)
 Metaspace       used 71219K, committed 72000K, reserved 1114112K
  class space    used 9846K, committed 10176K, reserved 1048576K
}

